  Game.cpp
D:\C++\Dungeon Explorer\Dungeon Explorer\src\Map\Room\RoomObject\AsciiSymbol.h(9,48): warning C4309: инициализация: усечение константного значения
D:\C++\Dungeon Explorer\Dungeon Explorer\src\Map\Room\RoomObject\AsciiSymbol.h(13,56): warning C4309: инициализация: усечение константного значения
D:\C++\Dungeon Explorer\Dungeon Explorer\src\Map\Room\RoomObject\AsciiSymbol.h(14,57): warning C4309: инициализация: усечение константного значения
D:\C++\Dungeon Explorer\Dungeon Explorer\src\Map\Room\RoomObject\AsciiSymbol.h(15,58): warning C4309: инициализация: усечение константного значения
D:\C++\Dungeon Explorer\Dungeon Explorer\src\Map\Room\RoomObject\AsciiSymbol.h(16,59): warning C4309: инициализация: усечение константного значения
D:\C++\Dungeon Explorer\Dungeon Explorer\src\Map\Room\RoomObject\AsciiSymbol.h(17,50): warning C4309: инициализация: усечение константного значения
D:\C++\Dungeon Explorer\Dungeon Explorer\src\Map\Room\RoomObject\AsciiSymbol.h(18,45): warning C4309: инициализация: усечение константного значения
D:\C++\Dungeon Explorer\Dungeon Explorer\src\Map\Room\RoomObject\AsciiSymbol.h(19,43): warning C4309: инициализация: усечение константного значения
D:\C++\Dungeon Explorer\Dungeon Explorer\src\Map\Room\Room.h(11,48): warning C4309: инициализация: усечение константного значения
  Map.cpp
D:\C++\Dungeon Explorer\Dungeon Explorer\src\Map\Room\RoomObject\AsciiSymbol.h(9,48): warning C4309: инициализация: усечение константного значения
D:\C++\Dungeon Explorer\Dungeon Explorer\src\Map\Room\RoomObject\AsciiSymbol.h(13,56): warning C4309: инициализация: усечение константного значения
D:\C++\Dungeon Explorer\Dungeon Explorer\src\Map\Room\RoomObject\AsciiSymbol.h(14,57): warning C4309: инициализация: усечение константного значения
D:\C++\Dungeon Explorer\Dungeon Explorer\src\Map\Room\RoomObject\AsciiSymbol.h(15,58): warning C4309: инициализация: усечение константного значения
D:\C++\Dungeon Explorer\Dungeon Explorer\src\Map\Room\RoomObject\AsciiSymbol.h(16,59): warning C4309: инициализация: усечение константного значения
D:\C++\Dungeon Explorer\Dungeon Explorer\src\Map\Room\RoomObject\AsciiSymbol.h(17,50): warning C4309: инициализация: усечение константного значения
D:\C++\Dungeon Explorer\Dungeon Explorer\src\Map\Room\RoomObject\AsciiSymbol.h(18,45): warning C4309: инициализация: усечение константного значения
D:\C++\Dungeon Explorer\Dungeon Explorer\src\Map\Room\RoomObject\AsciiSymbol.h(19,43): warning C4309: инициализация: усечение константного значения
D:\C++\Dungeon Explorer\Dungeon Explorer\src\Map\Room\Room.h(11,48): warning C4309: инициализация: усечение константного значения
  Room.cpp
D:\C++\Dungeon Explorer\Dungeon Explorer\src\Map\Room\RoomObject\AsciiSymbol.h(9,48): warning C4309: инициализация: усечение константного значения
D:\C++\Dungeon Explorer\Dungeon Explorer\src\Map\Room\RoomObject\AsciiSymbol.h(13,56): warning C4309: инициализация: усечение константного значения
D:\C++\Dungeon Explorer\Dungeon Explorer\src\Map\Room\RoomObject\AsciiSymbol.h(14,57): warning C4309: инициализация: усечение константного значения
D:\C++\Dungeon Explorer\Dungeon Explorer\src\Map\Room\RoomObject\AsciiSymbol.h(15,58): warning C4309: инициализация: усечение константного значения
D:\C++\Dungeon Explorer\Dungeon Explorer\src\Map\Room\RoomObject\AsciiSymbol.h(16,59): warning C4309: инициализация: усечение константного значения
D:\C++\Dungeon Explorer\Dungeon Explorer\src\Map\Room\RoomObject\AsciiSymbol.h(17,50): warning C4309: инициализация: усечение константного значения
D:\C++\Dungeon Explorer\Dungeon Explorer\src\Map\Room\RoomObject\AsciiSymbol.h(18,45): warning C4309: инициализация: усечение константного значения
D:\C++\Dungeon Explorer\Dungeon Explorer\src\Map\Room\RoomObject\AsciiSymbol.h(19,43): warning C4309: инициализация: усечение константного значения
D:\C++\Dungeon Explorer\Dungeon Explorer\src\Map\Room\Room.h(11,48): warning C4309: инициализация: усечение константного значения
  RoomObject.cpp
D:\C++\Dungeon Explorer\Dungeon Explorer\src\Map\Room\RoomObject\AsciiSymbol.h(9,48): warning C4309: инициализация: усечение константного значения
D:\C++\Dungeon Explorer\Dungeon Explorer\src\Map\Room\RoomObject\AsciiSymbol.h(13,56): warning C4309: инициализация: усечение константного значения
D:\C++\Dungeon Explorer\Dungeon Explorer\src\Map\Room\RoomObject\AsciiSymbol.h(14,57): warning C4309: инициализация: усечение константного значения
D:\C++\Dungeon Explorer\Dungeon Explorer\src\Map\Room\RoomObject\AsciiSymbol.h(15,58): warning C4309: инициализация: усечение константного значения
D:\C++\Dungeon Explorer\Dungeon Explorer\src\Map\Room\RoomObject\AsciiSymbol.h(16,59): warning C4309: инициализация: усечение константного значения
D:\C++\Dungeon Explorer\Dungeon Explorer\src\Map\Room\RoomObject\AsciiSymbol.h(17,50): warning C4309: инициализация: усечение константного значения
D:\C++\Dungeon Explorer\Dungeon Explorer\src\Map\Room\RoomObject\AsciiSymbol.h(18,45): warning C4309: инициализация: усечение константного значения
D:\C++\Dungeon Explorer\Dungeon Explorer\src\Map\Room\RoomObject\AsciiSymbol.h(19,43): warning C4309: инициализация: усечение константного значения
  Player.cpp
D:\C++\Dungeon Explorer\Dungeon Explorer\src\Map\Room\RoomObject\AsciiSymbol.h(9,48): warning C4309: инициализация: усечение константного значения
D:\C++\Dungeon Explorer\Dungeon Explorer\src\Map\Room\RoomObject\AsciiSymbol.h(13,56): warning C4309: инициализация: усечение константного значения
D:\C++\Dungeon Explorer\Dungeon Explorer\src\Map\Room\RoomObject\AsciiSymbol.h(14,57): warning C4309: инициализация: усечение константного значения
D:\C++\Dungeon Explorer\Dungeon Explorer\src\Map\Room\RoomObject\AsciiSymbol.h(15,58): warning C4309: инициализация: усечение константного значения
D:\C++\Dungeon Explorer\Dungeon Explorer\src\Map\Room\RoomObject\AsciiSymbol.h(16,59): warning C4309: инициализация: усечение константного значения
D:\C++\Dungeon Explorer\Dungeon Explorer\src\Map\Room\RoomObject\AsciiSymbol.h(17,50): warning C4309: инициализация: усечение константного значения
D:\C++\Dungeon Explorer\Dungeon Explorer\src\Map\Room\RoomObject\AsciiSymbol.h(18,45): warning C4309: инициализация: усечение константного значения
D:\C++\Dungeon Explorer\Dungeon Explorer\src\Map\Room\RoomObject\AsciiSymbol.h(19,43): warning C4309: инициализация: усечение константного значения
D:\C++\Dungeon Explorer\Dungeon Explorer\src\Map\Room\Room.h(11,48): warning C4309: инициализация: усечение константного значения
  main.cpp
D:\C++\Dungeon Explorer\Dungeon Explorer\src\Map\Room\RoomObject\AsciiSymbol.h(9,48): warning C4309: инициализация: усечение константного значения
D:\C++\Dungeon Explorer\Dungeon Explorer\src\Map\Room\RoomObject\AsciiSymbol.h(13,56): warning C4309: инициализация: усечение константного значения
D:\C++\Dungeon Explorer\Dungeon Explorer\src\Map\Room\RoomObject\AsciiSymbol.h(14,57): warning C4309: инициализация: усечение константного значения
D:\C++\Dungeon Explorer\Dungeon Explorer\src\Map\Room\RoomObject\AsciiSymbol.h(15,58): warning C4309: инициализация: усечение константного значения
D:\C++\Dungeon Explorer\Dungeon Explorer\src\Map\Room\RoomObject\AsciiSymbol.h(16,59): warning C4309: инициализация: усечение константного значения
D:\C++\Dungeon Explorer\Dungeon Explorer\src\Map\Room\RoomObject\AsciiSymbol.h(17,50): warning C4309: инициализация: усечение константного значения
D:\C++\Dungeon Explorer\Dungeon Explorer\src\Map\Room\RoomObject\AsciiSymbol.h(18,45): warning C4309: инициализация: усечение константного значения
D:\C++\Dungeon Explorer\Dungeon Explorer\src\Map\Room\RoomObject\AsciiSymbol.h(19,43): warning C4309: инициализация: усечение константного значения
D:\C++\Dungeon Explorer\Dungeon Explorer\src\Map\Room\Room.h(11,48): warning C4309: инициализация: усечение константного значения
  Создание кода...
  Dungeon Explorer.vcxproj -> D:\C++\Dungeon Explorer\Debug\Dungeon Explorer.exe
