  Entity.cpp
D:\GameDangeon\Dungeon Explorer\core\Map\Room\RoomObject\AsciiSymbol.h(9,48): warning C4309: инициализация: усечение константного значения
D:\GameDangeon\Dungeon Explorer\core\Map\Room\RoomObject\AsciiSymbol.h(13,56): warning C4309: инициализация: усечение константного значения
D:\GameDangeon\Dungeon Explorer\core\Map\Room\RoomObject\AsciiSymbol.h(14,57): warning C4309: инициализация: усечение константного значения
D:\GameDangeon\Dungeon Explorer\core\Map\Room\RoomObject\AsciiSymbol.h(15,58): warning C4309: инициализация: усечение константного значения
D:\GameDangeon\Dungeon Explorer\core\Map\Room\RoomObject\AsciiSymbol.h(16,59): warning C4309: инициализация: усечение константного значения
D:\GameDangeon\Dungeon Explorer\core\Map\Room\RoomObject\AsciiSymbol.h(17,50): warning C4309: инициализация: усечение константного значения
D:\GameDangeon\Dungeon Explorer\core\Map\Room\RoomObject\AsciiSymbol.h(18,45): warning C4309: инициализация: усечение константного значения
D:\GameDangeon\Dungeon Explorer\core\Map\Room\RoomObject\AsciiSymbol.h(19,43): warning C4309: инициализация: усечение константного значения
D:\GameDangeon\Dungeon Explorer\core\Map\Room\Room.h(14,48): warning C4309: инициализация: усечение константного значения
  GameObject.cpp
D:\GameDangeon\Dungeon Explorer\core\Game Object\GameObject.cpp(9,120): warning C4267: аргумент: преобразование из "size_t" в "DWORD"; возможна потеря данных
D:\GameDangeon\Dungeon Explorer\core\Game Object\GameObject.cpp(10,135): warning C4267: аргумент: преобразование из "size_t" в "DWORD"; возможна потеря данных
  Map.cpp
D:\GameDangeon\Dungeon Explorer\core\Map\Room\RoomObject\AsciiSymbol.h(9,48): warning C4309: инициализация: усечение константного значения
D:\GameDangeon\Dungeon Explorer\core\Map\Room\RoomObject\AsciiSymbol.h(13,56): warning C4309: инициализация: усечение константного значения
D:\GameDangeon\Dungeon Explorer\core\Map\Room\RoomObject\AsciiSymbol.h(14,57): warning C4309: инициализация: усечение константного значения
D:\GameDangeon\Dungeon Explorer\core\Map\Room\RoomObject\AsciiSymbol.h(15,58): warning C4309: инициализация: усечение константного значения
D:\GameDangeon\Dungeon Explorer\core\Map\Room\RoomObject\AsciiSymbol.h(16,59): warning C4309: инициализация: усечение константного значения
D:\GameDangeon\Dungeon Explorer\core\Map\Room\RoomObject\AsciiSymbol.h(17,50): warning C4309: инициализация: усечение константного значения
D:\GameDangeon\Dungeon Explorer\core\Map\Room\RoomObject\AsciiSymbol.h(18,45): warning C4309: инициализация: усечение константного значения
D:\GameDangeon\Dungeon Explorer\core\Map\Room\RoomObject\AsciiSymbol.h(19,43): warning C4309: инициализация: усечение константного значения
D:\GameDangeon\Dungeon Explorer\core\Map\Room\Room.h(14,48): warning C4309: инициализация: усечение константного значения
  Room.cpp
D:\GameDangeon\Dungeon Explorer\core\Map\Room\RoomObject\AsciiSymbol.h(9,48): warning C4309: инициализация: усечение константного значения
D:\GameDangeon\Dungeon Explorer\core\Map\Room\RoomObject\AsciiSymbol.h(13,56): warning C4309: инициализация: усечение константного значения
D:\GameDangeon\Dungeon Explorer\core\Map\Room\RoomObject\AsciiSymbol.h(14,57): warning C4309: инициализация: усечение константного значения
D:\GameDangeon\Dungeon Explorer\core\Map\Room\RoomObject\AsciiSymbol.h(15,58): warning C4309: инициализация: усечение константного значения
D:\GameDangeon\Dungeon Explorer\core\Map\Room\RoomObject\AsciiSymbol.h(16,59): warning C4309: инициализация: усечение константного значения
D:\GameDangeon\Dungeon Explorer\core\Map\Room\RoomObject\AsciiSymbol.h(17,50): warning C4309: инициализация: усечение константного значения
D:\GameDangeon\Dungeon Explorer\core\Map\Room\RoomObject\AsciiSymbol.h(18,45): warning C4309: инициализация: усечение константного значения
D:\GameDangeon\Dungeon Explorer\core\Map\Room\RoomObject\AsciiSymbol.h(19,43): warning C4309: инициализация: усечение константного значения
D:\GameDangeon\Dungeon Explorer\core\Map\Room\Room.h(14,48): warning C4309: инициализация: усечение константного значения
  Game.cpp
D:\GameDangeon\Dungeon Explorer\core\Map\Room\RoomObject\AsciiSymbol.h(9,48): warning C4309: инициализация: усечение константного значения
D:\GameDangeon\Dungeon Explorer\core\Map\Room\RoomObject\AsciiSymbol.h(13,56): warning C4309: инициализация: усечение константного значения
D:\GameDangeon\Dungeon Explorer\core\Map\Room\RoomObject\AsciiSymbol.h(14,57): warning C4309: инициализация: усечение константного значения
D:\GameDangeon\Dungeon Explorer\core\Map\Room\RoomObject\AsciiSymbol.h(15,58): warning C4309: инициализация: усечение константного значения
D:\GameDangeon\Dungeon Explorer\core\Map\Room\RoomObject\AsciiSymbol.h(16,59): warning C4309: инициализация: усечение константного значения
D:\GameDangeon\Dungeon Explorer\core\Map\Room\RoomObject\AsciiSymbol.h(17,50): warning C4309: инициализация: усечение константного значения
D:\GameDangeon\Dungeon Explorer\core\Map\Room\RoomObject\AsciiSymbol.h(18,45): warning C4309: инициализация: усечение константного значения
D:\GameDangeon\Dungeon Explorer\core\Map\Room\RoomObject\AsciiSymbol.h(19,43): warning C4309: инициализация: усечение константного значения
D:\GameDangeon\Dungeon Explorer\core\Map\Room\Room.h(14,48): warning C4309: инициализация: усечение константного значения
  main.cpp
D:\GameDangeon\Dungeon Explorer\core\Map\Room\RoomObject\AsciiSymbol.h(9,48): warning C4309: инициализация: усечение константного значения
D:\GameDangeon\Dungeon Explorer\core\Map\Room\RoomObject\AsciiSymbol.h(13,56): warning C4309: инициализация: усечение константного значения
D:\GameDangeon\Dungeon Explorer\core\Map\Room\RoomObject\AsciiSymbol.h(14,57): warning C4309: инициализация: усечение константного значения
D:\GameDangeon\Dungeon Explorer\core\Map\Room\RoomObject\AsciiSymbol.h(15,58): warning C4309: инициализация: усечение константного значения
D:\GameDangeon\Dungeon Explorer\core\Map\Room\RoomObject\AsciiSymbol.h(16,59): warning C4309: инициализация: усечение константного значения
D:\GameDangeon\Dungeon Explorer\core\Map\Room\RoomObject\AsciiSymbol.h(17,50): warning C4309: инициализация: усечение константного значения
D:\GameDangeon\Dungeon Explorer\core\Map\Room\RoomObject\AsciiSymbol.h(18,45): warning C4309: инициализация: усечение константного значения
D:\GameDangeon\Dungeon Explorer\core\Map\Room\RoomObject\AsciiSymbol.h(19,43): warning C4309: инициализация: усечение константного значения
D:\GameDangeon\Dungeon Explorer\core\Map\Room\Room.h(14,48): warning C4309: инициализация: усечение константного значения
  Player.cpp
D:\GameDangeon\Dungeon Explorer\core\Map\Room\RoomObject\AsciiSymbol.h(9,48): warning C4309: инициализация: усечение константного значения
D:\GameDangeon\Dungeon Explorer\core\Map\Room\RoomObject\AsciiSymbol.h(13,56): warning C4309: инициализация: усечение константного значения
D:\GameDangeon\Dungeon Explorer\core\Map\Room\RoomObject\AsciiSymbol.h(14,57): warning C4309: инициализация: усечение константного значения
D:\GameDangeon\Dungeon Explorer\core\Map\Room\RoomObject\AsciiSymbol.h(15,58): warning C4309: инициализация: усечение константного значения
D:\GameDangeon\Dungeon Explorer\core\Map\Room\RoomObject\AsciiSymbol.h(16,59): warning C4309: инициализация: усечение константного значения
D:\GameDangeon\Dungeon Explorer\core\Map\Room\RoomObject\AsciiSymbol.h(17,50): warning C4309: инициализация: усечение константного значения
D:\GameDangeon\Dungeon Explorer\core\Map\Room\RoomObject\AsciiSymbol.h(18,45): warning C4309: инициализация: усечение константного значения
D:\GameDangeon\Dungeon Explorer\core\Map\Room\RoomObject\AsciiSymbol.h(19,43): warning C4309: инициализация: усечение константного значения
D:\GameDangeon\Dungeon Explorer\core\Map\Room\Room.h(14,48): warning C4309: инициализация: усечение константного значения
D:\GameDangeon\Dungeon Explorer\Player\Player.cpp(8,12): warning C4101: ci: неиспользованная локальная переменная
  RoomObject.cpp
D:\GameDangeon\Dungeon Explorer\core\Map\Room\RoomObject\AsciiSymbol.h(9,48): warning C4309: инициализация: усечение константного значения
D:\GameDangeon\Dungeon Explorer\core\Map\Room\RoomObject\AsciiSymbol.h(13,56): warning C4309: инициализация: усечение константного значения
D:\GameDangeon\Dungeon Explorer\core\Map\Room\RoomObject\AsciiSymbol.h(14,57): warning C4309: инициализация: усечение константного значения
D:\GameDangeon\Dungeon Explorer\core\Map\Room\RoomObject\AsciiSymbol.h(15,58): warning C4309: инициализация: усечение константного значения
D:\GameDangeon\Dungeon Explorer\core\Map\Room\RoomObject\AsciiSymbol.h(16,59): warning C4309: инициализация: усечение константного значения
D:\GameDangeon\Dungeon Explorer\core\Map\Room\RoomObject\AsciiSymbol.h(17,50): warning C4309: инициализация: усечение константного значения
D:\GameDangeon\Dungeon Explorer\core\Map\Room\RoomObject\AsciiSymbol.h(18,45): warning C4309: инициализация: усечение константного значения
D:\GameDangeon\Dungeon Explorer\core\Map\Room\RoomObject\AsciiSymbol.h(19,43): warning C4309: инициализация: усечение константного значения
  Создание кода...
  Dungeon Explorer.vcxproj -> D:\GameDangeon\x64\Debug\Dungeon Explorer.exe
